Determining if the pthread_create exist failed with the following output:
Change Dir: /home/derdro/CLionProjects/GBEmu/cmake-build-debug/CMakeFiles/CMakeTmp

Run Build Command:"/usr/bin/make" "cmTC_b3e1f/fast"
make[1]: Entering directory '/home/derdro/CLionProjects/GBEmu/cmake-build-debug/CMakeFiles/CMakeTmp'
/usr/bin/make -f CMakeFiles/cmTC_b3e1f.dir/build.make CMakeFiles/cmTC_b3e1f.dir/build
make[2]: Entering directory '/home/derdro/CLionProjects/GBEmu/cmake-build-debug/CMakeFiles/CMakeTmp'
Building C object CMakeFiles/cmTC_b3e1f.dir/CheckSymbolExists.c.o
/usr/bin/cc    -o CMakeFiles/cmTC_b3e1f.dir/CheckSymbolExists.c.o   -c /home/derdro/CLionProjects/GBEmu/cmake-build-debug/CMakeFiles/CMakeTmp/CheckSymbolExists.c
Linking C executable cmTC_b3e1f
"/home/derdro/Program Files/clion-2017.2.3/bin/cmake/bin/cmake" -E cmake_link_script CMakeFiles/cmTC_b3e1f.dir/link.txt --verbose=1
/usr/bin/cc     -lX11  CMakeFiles/cmTC_b3e1f.dir/CheckSymbolExists.c.o  -o cmTC_b3e1f 
CMakeFiles/cmTC_b3e1f.dir/CheckSymbolExists.c.o: In function `main':
CheckSymbolExists.c:(.text+0x16): undefined reference to `pthread_create'
collect2: error: ld returned 1 exit status
CMakeFiles/cmTC_b3e1f.dir/build.make:97: recipe for target 'cmTC_b3e1f' failed
make[2]: *** [cmTC_b3e1f] Error 1
make[2]: Leaving directory '/home/derdro/CLionProjects/GBEmu/cmake-build-debug/CMakeFiles/CMakeTmp'
Makefile:126: recipe for target 'cmTC_b3e1f/fast' failed
make[1]: *** [cmTC_b3e1f/fast] Error 2
make[1]: Leaving directory '/home/derdro/CLionProjects/GBEmu/cmake-build-debug/CMakeFiles/CMakeTmp'

File /home/derdro/CLionProjects/GBEmu/cmake-build-debug/CMakeFiles/CMakeTmp/CheckSymbolExists.c:
/* */
#include <pthread.h>

int main(int argc, char** argv)
{
  (void)argv;
#ifndef pthread_create
  return ((int*)(&pthread_create))[argc];
#else
  (void)argc;
  return 0;
#endif
}

Determining if the function pthread_create exists in the pthreads failed with the following output:
Change Dir: /home/derdro/CLionProjects/GBEmu/cmake-build-debug/CMakeFiles/CMakeTmp

Run Build Command:"/usr/bin/make" "cmTC_b0cb8/fast"
make[1]: Entering directory '/home/derdro/CLionProjects/GBEmu/cmake-build-debug/CMakeFiles/CMakeTmp'
/usr/bin/make -f CMakeFiles/cmTC_b0cb8.dir/build.make CMakeFiles/cmTC_b0cb8.dir/build
make[2]: Entering directory '/home/derdro/CLionProjects/GBEmu/cmake-build-debug/CMakeFiles/CMakeTmp'
Building C object CMakeFiles/cmTC_b0cb8.dir/CheckFunctionExists.c.o
/usr/bin/cc   -DCHECK_FUNCTION_EXISTS=pthread_create   -o CMakeFiles/cmTC_b0cb8.dir/CheckFunctionExists.c.o   -c "/home/derdro/Program Files/clion-2017.2.3/bin/cmake/share/cmake-3.9/Modules/CheckFunctionExists.c"
Linking C executable cmTC_b0cb8
"/home/derdro/Program Files/clion-2017.2.3/bin/cmake/bin/cmake" -E cmake_link_script CMakeFiles/cmTC_b0cb8.dir/link.txt --verbose=1
/usr/bin/cc  -DCHECK_FUNCTION_EXISTS=pthread_create   -lX11  CMakeFiles/cmTC_b0cb8.dir/CheckFunctionExists.c.o  -o cmTC_b0cb8 -lpthreads 
/usr/bin/ld: cannot find -lpthreads
collect2: error: ld returned 1 exit status
CMakeFiles/cmTC_b0cb8.dir/build.make:97: recipe for target 'cmTC_b0cb8' failed
make[2]: *** [cmTC_b0cb8] Error 1
make[2]: Leaving directory '/home/derdro/CLionProjects/GBEmu/cmake-build-debug/CMakeFiles/CMakeTmp'
Makefile:126: recipe for target 'cmTC_b0cb8/fast' failed
make[1]: *** [cmTC_b0cb8/fast] Error 2
make[1]: Leaving directory '/home/derdro/CLionProjects/GBEmu/cmake-build-debug/CMakeFiles/CMakeTmp'


